
2025-11-16 14:02:24,706: %UNICON-INFO: +++ cat8000v logfile cat8000v-cli-1763319744.log +++

2025-11-16 14:02:24,706: %UNICON-INFO: +++ Unicon plugin iosxe (unicon.plugins.iosxe) +++


2025-11-16 14:02:25,843: %UNICON-INFO: +++ connection to spawn: ssh -l dwade 131.226.217.182, id: 4696863088 +++

2025-11-16 14:02:25,843: %UNICON-INFO: connection to cat8000v
(dwade@131.226.217.182) Password:

Router-1718#

2025-11-16 14:02:26,219: %UNICON-INFO: Storing credentials from default as current_credentials

2025-11-16 14:02:26,222: %UNICON-INFO: Learned hostname(s): 'Router-1718'.

Router-1718#

2025-11-16 14:02:26,547: %UNICON-INFO: +++ Router-1718(alias=uut) with via 'cli': executing command 'show version | include operating mode' +++
show version | include operating mode
Router operating mode: Autonomous
Router-1718#

2025-11-16 14:02:27,219: %UNICON-INFO: +++ initializing handle +++

2025-11-16 14:02:27,404: %UNICON-INFO: +++ Router-1718(alias=uut) with via 'cli': executing command 'term length 0' +++
term length 0
Router-1718#

2025-11-16 14:02:28,101: %UNICON-INFO: +++ Router-1718(alias=uut) with via 'cli': executing command 'term width 0' +++
term width 0
Router-1718#

2025-11-16 14:02:28,764: %UNICON-INFO: +++ Router-1718(alias=uut) with via 'cli': executing command 'show version' +++
show version
Cisco IOS XE Software, Version 17.09.02a
Cisco IOS Software [Cupertino], Virtual XE Software (X86_64_LINUX_IOSD-UNIVERSALK9-M), Version 17.9.2a, RELEASE SOFTWARE (fc4)
Technical Support: http://www.cisco.com/techsupport
Copyright (c) 1986-2022 by Cisco Systems, Inc.
Compiled Wed 30-Nov-22 02:47 by mcpre


Cisco IOS-XE software, Copyright (c) 2005-2022 by cisco Systems, Inc.
All rights reserved.  Certain components of Cisco IOS-XE software are
licensed under the GNU General Public License ("GPL") Version 2.0.  The
software code licensed under GPL Version 2.0 is free software that comes
with ABSOLUTELY NO WARRANTY.  You can redistribute and/or modify such
GPL code under the terms of GPL Version 2.0.  For more details, see the
documentation or "License Notice" file accompanying the IOS-XE software,
or the applicable URL provided on the flyer accompanying the IOS-XE
software.


ROM: IOS-XE ROMMON

Router-1718 uptime is 1 day, 19 hours, 13 minutes
Uptime for this control processor is 1 day, 19 hours, 14 minutes
System returned to ROM by reload
System image file is "bootflash:packages.conf"
Last reload reason: reload



This product contains cryptographic features and is subject to United
States and local country laws governing import, export, transfer and
use. Delivery of Cisco cryptographic products does not imply
third-party authority to import, export, distribute or use encryption.
Importers, exporters, distributors and users are responsible for
compliance with U.S. and local country laws. By using this product you
agree to comply with applicable laws and regulations. If you are unable
to comply with U.S. and local laws, return this product immediately.

A summary of U.S. laws governing Cisco cryptographic products may be found at:
http://www.cisco.com/wwl/export/crypto/tool/stqrg.html

If you require further assistance please contact us by sending email to
export@cisco.com.

License Level: 
License Type: Perpetual
Next reload license Level: 

Addon License Level: 
Addon License Type: Subscription
Next reload addon license Level: 

The current throughput level is 20000 kbps 


Smart Licensing Status: Smart Licensing Using Policy

cisco C8000V (VXE) processor (revision VXE) with 1979691K/3075K bytes of memory.
Processor board ID 9VNZGF5ZOKE
Router operating mode: Autonomous
3 Gigabit Ethernet interfaces
32768K bytes of non-volatile configuration memory.
3964728K bytes of physical memory.
5234688K bytes of virtual hard disk at bootflash:.

Configuration register is 0x2102

Router-1718#

2025-11-16 14:02:29,435: %UNICON-INFO: +++ Router-1718(alias=uut) with via 'cli': executing command 'show install summary' +++
show install summary
[ R0 ] Installed Package(s) Information:
State (St): I - Inactive, U - Activated & Uncommitted,
            C - Activated & Committed, D - Deactivated & Uncommitted
--------------------------------------------------------------------------------
Type  St   Filename/Version
--------------------------------------------------------------------------------
IMG   C    17.09.02.0.48

--------------------------------------------------------------------------------
Auto abort timer: inactive
--------------------------------------------------------------------------------


Router-1718#

2025-11-16 14:02:31,014: %UNICON-INFO: +++ Router-1718(alias=uut) with via 'cli': executing command 'show version' +++
show version
Cisco IOS XE Software, Version 17.09.02a
Cisco IOS Software [Cupertino], Virtual XE Software (X86_64_LINUX_IOSD-UNIVERSALK9-M), Version 17.9.2a, RELEASE SOFTWARE (fc4)
Technical Support: http://www.cisco.com/techsupport
Copyright (c) 1986-2022 by Cisco Systems, Inc.
Compiled Wed 30-Nov-22 02:47 by mcpre


Cisco IOS-XE software, Copyright (c) 2005-2022 by cisco Systems, Inc.
All rights reserved.  Certain components of Cisco IOS-XE software are
licensed under the GNU General Public License ("GPL") Version 2.0.  The
software code licensed under GPL Version 2.0 is free software that comes
with ABSOLUTELY NO WARRANTY.  You can redistribute and/or modify such
GPL code under the terms of GPL Version 2.0.  For more details, see the
documentation or "License Notice" file accompanying the IOS-XE software,
or the applicable URL provided on the flyer accompanying the IOS-XE
software.


ROM: IOS-XE ROMMON

Router-1718 uptime is 1 day, 19 hours, 13 minutes
Uptime for this control processor is 1 day, 19 hours, 14 minutes
System returned to ROM by reload
System image file is "bootflash:packages.conf"
Last reload reason: reload



This product contains cryptographic features and is subject to United
States and local country laws governing import, export, transfer and
use. Delivery of Cisco cryptographic products does not imply
third-party authority to import, export, distribute or use encryption.
Importers, exporters, distributors and users are responsible for
compliance with U.S. and local country laws. By using this product you
agree to comply with applicable laws and regulations. If you are unable
to comply with U.S. and local laws, return this product immediately.

A summary of U.S. laws governing Cisco cryptographic products may be found at:
http://www.cisco.com/wwl/export/crypto/tool/stqrg.html

If you require further assistance please contact us by sending email to
export@cisco.com.

License Level: 
License Type: Perpetual
Next reload license Level: 

Addon License Level: 
Addon License Type: Subscription
Next reload addon license Level: 

The current throughput level is 20000 kbps 


Smart Licensing Status: Smart Licensing Using Policy

cisco C8000V (VXE) processor (revision VXE) with 1979691K/3075K bytes of memory.
Processor board ID 9VNZGF5ZOKE
Router operating mode: Autonomous
3 Gigabit Ethernet interfaces
32768K bytes of non-volatile configuration memory.
3964728K bytes of physical memory.
5234688K bytes of virtual hard disk at bootflash:.

Configuration register is 0x2102

Router-1718#

2025-11-16 14:02:31,886: %UNICON-INFO: +++ Router-1718(alias=uut) with via 'cli': executing command 'show interfaces' +++
show interfaces
GigabitEthernet1 is up, line protocol is up 
  Hardware is vNIC, address is 0050.56bf.280f (bia 0050.56bf.280f)
  Description: NETCONF Demo - 2025-11-16 11:48:22
  Internet address is 10.10.20.148/24
  MTU 1500 bytes, BW 1000000 Kbit/sec, DLY 10 usec, 
     reliability 255/255, txload 1/255, rxload 1/255
  Encapsulation ARPA, loopback not set
  Keepalive set (10 sec)
  Full Duplex, 1000Mbps, link type is auto, media type is Virtual
  output flow-control is unsupported, input flow-control is unsupported
  ARP type: ARPA, ARP Timeout 04:00:00
  Last input 00:00:00, output 00:00:00, output hang never
  Last clearing of "show interface" counters never
  Input queue: 1/375/0/0 (size/max/drops/flushes); Total output drops: 0
  Queueing strategy: fifo
  Output queue: 0/40 (size/max)
  5 minute input rate 8000 bits/sec, 8 packets/sec
  5 minute output rate 9000 bits/sec, 7 packets/sec
     1315347 packets input, 166252987 bytes, 0 no buffer
     Received 0 broadcasts (0 IP multicasts)
     0 runts, 0 giants, 0 throttles 
     0 input errors, 0 CRC, 0 frame, 0 overrun, 0 ignored
     0 watchdog, 0 multicast, 0 pause input
     1440353 packets output, 249605140 bytes, 0 underruns
     Output 0 broadcasts (0 IP multicasts)
     0 output errors, 0 collisions, 0 interface resets
     0 unknown protocol drops
     0 babbles, 0 late collision, 0 deferred
     0 lost carrier, 0 no carrier, 0 pause output
     0 output buffer failures, 0 output buffers swapped out
GigabitEthernet2 is up, line protocol is up 
  Hardware is vNIC, address is 0050.56bf.034d (bia 0050.56bf.034d)
  Internet address is 172.168.120.1/24
  MTU 1500 bytes, BW 1000000 Kbit/sec, DLY 10 usec, 
     reliability 255/255, txload 1/255, rxload 1/255
  Encapsulation 802.1Q Virtual LAN, Vlan ID  1., loopback not set
  Keepalive set (10 sec)
  Full Duplex, 1000Mbps, link type is auto, media type is Virtual
  output flow-control is unsupported, input flow-control is unsupported
  ARP type: ARPA, ARP Timeout 04:00:00
  Last input 12:31:56, output 18:38:59, output hang never
  Last clearing of "show interface" counters never
  Input queue: 0/375/0/0 (size/max/drops/flushes); Total output drops: 0
  Queueing strategy: fifo
  Output queue: 0/40 (size/max)
  5 minute input rate 0 bits/sec, 0 packets/sec
  5 minute output rate 0 bits/sec, 0 packets/sec
     239 packets input, 14340 bytes, 0 no buffer
     Received 0 broadcasts (0 IP multicasts)
     0 runts, 0 giants, 0 throttles 
     0 input errors, 0 CRC, 0 frame, 0 overrun, 0 ignored
     0 watchdog, 0 multicast, 0 pause input
     21 packets output, 1260 bytes, 0 underruns
     Output 0 broadcasts (0 IP multicasts)
     0 output errors, 0 collisions, 12 interface resets
     0 unknown protocol drops
     0 babbles, 0 late collision, 0 deferred
     5 lost carrier, 0 no carrier, 0 pause output
     0 output buffer failures, 0 output buffers swapped out
GigabitEthernet2.100 is up, line protocol is up 
  Hardware is vNIC, address is 0050.56bf.034d (bia 0050.56bf.034d)
  Description: Subinterfaz DEMO VLAN 100
  MTU 1500 bytes, BW 1000000 Kbit/sec, DLY 10 usec, 
     reliability 255/255, txload 1/255, rxload 1/255
  Encapsulation 802.1Q Virtual LAN, Vlan ID  100.
  ARP type: ARPA, ARP Timeout 04:00:00
  Keepalive set (10 sec)
  Last clearing of "show interface" counters never
GigabitEthernet3 is administratively down, line protocol is down 
  Hardware is vNIC, address is 0050.56bf.be29 (bia 0050.56bf.be29)
  MTU 1500 bytes, BW 1000000 Kbit/sec, DLY 10 usec, 
     reliability 255/255, txload 1/255, rxload 1/255
  Encapsulation ARPA, loopback not set
  Keepalive set (10 sec)
  Full Duplex, 1000Mbps, link type is auto, media type is Virtual
  output flow-control is unsupported, input flow-control is unsupported
  ARP type: ARPA, ARP Timeout 04:00:00
  Last input 18:38:37, output never, output hang never
  Last clearing of "show interface" counters never
  Input queue: 0/375/0/0 (size/max/drops/flushes); Total output drops: 0
  Queueing strategy: fifo
  Output queue: 0/40 (size/max)
  5 minute input rate 0 bits/sec, 0 packets/sec
  5 minute output rate 0 bits/sec, 0 packets/sec
     26 packets input, 1560 bytes, 0 no buffer
     Received 0 broadcasts (0 IP multicasts)
     0 runts, 0 giants, 0 throttles 
     0 input errors, 0 CRC, 0 frame, 0 overrun, 0 ignored
     0 watchdog, 0 multicast, 0 pause input
     0 packets output, 0 bytes, 0 underruns
     Output 0 broadcasts (0 IP multicasts)
     0 output errors, 0 collisions, 4 interface resets
     0 unknown protocol drops
     0 babbles, 0 late collision, 0 deferred
     2 lost carrier, 0 no carrier, 0 pause output
     0 output buffer failures, 0 output buffers swapped out
Loopback200 is up, line protocol is up 
  Hardware is Loopback
  Description: manual config
  MTU 1514 bytes, BW 8000000 Kbit/sec, DLY 5000 usec, 
     reliability 255/255, txload 1/255, rxload 1/255
  Encapsulation LOOPBACK, loopback not set
  Keepalive set (10 sec)
  Last input never, output never, output hang never
  Last clearing of "show interface" counters never
  Input queue: 0/75/0/0 (size/max/drops/flushes); Total output drops: 0
  Queueing strategy: fifo
  Output queue: 0/0 (size/max)
  5 minute input rate 0 bits/sec, 0 packets/sec
  5 minute output rate 0 bits/sec, 0 packets/sec
     0 packets input, 0 bytes, 0 no buffer
     Received 0 broadcasts (0 IP multicasts)
     0 runts, 0 giants, 0 throttles 
     0 input errors, 0 CRC, 0 frame, 0 overrun, 0 ignored, 0 abort
     0 packets output, 0 bytes, 0 underruns
     Output 0 broadcasts (0 IP multicasts)
     0 output errors, 0 collisions, 0 interface resets
     0 unknown protocol drops
     0 output buffer failures, 0 output buffers swapped out
Router-1718#
