
2025-07-09 20:25:56,593: %UNICON-INFO: +++ cat8000v logfile cat8000v-cli-1752107156.log +++

2025-07-09 20:25:56,594: %UNICON-INFO: +++ Unicon plugin iosxe (unicon.plugins.iosxe) +++


2025-07-09 20:26:00,904: %UNICON-INFO: +++ connection to spawn: ssh -l dwade 131.226.217.182, id: 4538255792 +++

2025-07-09 20:26:00,905: %UNICON-INFO: connection to cat8000v
(dwade@131.226.217.182) Password:
C
*** WARNING ***
Authorized Access Only.
Configured by Said Hersi b
 July 2025

cat8000v#

cat8000v#

2025-07-09 20:26:01,587: %UNICON-INFO: +++ cat8000v with via 'cli': executing command 'show version | include operating mode' +++
show version | include operating mode
Router operating mode: Autonomous
cat8000v#

2025-07-09 20:26:02,161: %UNICON-INFO: +++ initializing handle +++

2025-07-09 20:26:02,334: %UNICON-INFO: +++ cat8000v with via 'cli': executing command 'term length 0' +++
term length 0
cat8000v#

2025-07-09 20:26:02,978: %UNICON-INFO: +++ cat8000v with via 'cli': executing command 'term width 0' +++
term width 0
cat8000v#

2025-07-09 20:26:03,608: %UNICON-INFO: +++ cat8000v with via 'cli': executing command 'show version' +++
show version
Cisco IOS XE Software, Version 17.09.02a
Cisco IOS Software [Cupertino], Virtual XE Software (X86_64_LINUX_IOSD-UNIVERSALK9-M), Version 17.9.2a, RELEASE SOFTWARE (fc4)
Technical Support: http://www.cisco.com/techsupport
Copyright (c) 1986-2022 by Cisco Systems, Inc.
Compiled Wed 30-Nov-22 02:47 by mcpre


Cisco IOS-XE software, Copyright (c) 2005-2022 by cisco Systems, Inc.
All rights reserved.  Certain components of Cisco IOS-XE software are
licensed under the GNU General Public License ("GPL") Version 2.0.  The
software code licensed under GPL Version 2.0 is free software that comes
with ABSOLUTELY NO WARRANTY.  You can redistribute and/or modify such
GPL code under the terms of GPL Version 2.0.  For more details, see the
documentation or "License Notice" file accompanying the IOS-XE software,
or the applicable URL provided on the flyer accompanying the IOS-XE
software.


ROM: IOS-XE ROMMON
cat8000v uptime is 20 hours, 49 minutes
Uptime for this control processor is 20 hours, 50 minutes
System returned to ROM by reload
System image file is "bootflash:packages.conf"
Last reload reason: reload



This product contains cryptographic features and is subject to United
States and local country laws governing import, export, transfer and
use. Delivery of Cisco cryptographic products does not imply
third-party authority to import, export, distribute or use encryption.
Importers, exporters, distributors and users are responsible for
compliance with U.S. and local country laws. By using this product you
agree to comply with applicable laws and regulations. If you are unable
to comply with U.S. and local laws, return this product immediately.

A summary of U.S. laws governing Cisco cryptographic products may be found at:
http://www.cisco.com/wwl/export/crypto/tool/stqrg.html

If you require further assistance please contact us by sending email to
export@cisco.com.

License Level: 
License Type: Perpetual
Next reload license Level: 

Addon License Level: 
Addon License Type: Subscription
Next reload addon license Level: 

The current throughput level is 20000 kbps 


Smart Licensing Status: Smart Licensing Using Policy

cisco C8000V (VXE) processor (revision VXE) with 1979691K/3075K bytes of memory.
Processor board ID 9VNZGF5ZOKE
Router operating mode: Autonomous
3 Gigabit Ethernet interfaces
32768K bytes of non-volatile configuration memory.
3964728K bytes of physical memory.
5234688K bytes of virtual hard disk at bootflash:.

Configuration register is 0x2102

cat8000v#

2025-07-09 20:26:04,247: %UNICON-INFO: +++ cat8000v with via 'cli': executing command 'show install summary' +++
show install summary
[ R0 ] Installed Package(s) Information:
State (St): I - Inactive, U - Activated & Uncommitted,
            C - Activated & Committed, D - Deactivated & Uncommitted
--------------------------------------------------------------------------------
Type  St   Filename/Version
--------------------------------------------------------------------------------
IMG   C    17.09.02.0.48

--------------------------------------------------------------------------------
Auto abort timer: inactive
--------------------------------------------------------------------------------


cat8000v#

2025-07-09 20:26:05,745: %UNICON-INFO: +++ cat8000v with via 'cli': executing command 'show version' +++
show version
Cisco IOS XE Software, Version 17.09.02a
Cisco IOS Software [Cupertino], Virtual XE Software (X86_64_LINUX_IOSD-UNIVERSALK9-M), Version 17.9.2a, RELEASE SOFTWARE (fc4)
Technical Support: http://www.cisco.com/techsupport
Copyright (c) 1986-2022 by Cisco Systems, Inc.
Compiled Wed 30-Nov-22 02:47 by mcpre


Cisco IOS-XE software, Copyright (c) 2005-2022 by cisco Systems, Inc.
All rights reserved.  Certain components of Cisco IOS-XE software are
licensed under the GNU General Public License ("GPL") Version 2.0.  The
software code licensed under GPL Version 2.0 is free software that comes
with ABSOLUTELY NO WARRANTY.  You can redistribute and/or modify such
GPL code under the terms of GPL Version 2.0.  For more details, see the
documentation or "License Notice" file accompanying the IOS-XE software,
or the applicable URL provided on the flyer accompanying the IOS-XE
software.


ROM: IOS-XE ROMMON
cat8000v uptime is 20 hours, 49 minutes
Uptime for this control processor is 20 hours, 50 minutes
System returned to ROM by reload
System image file is "bootflash:packages.conf"
Last reload reason: reload



This product contains cryptographic features and is subject to United
States and local country laws governing import, export, transfer and
use. Delivery of Cisco cryptographic products does not imply
third-party authority to import, export, distribute or use encryption.
Importers, exporters, distributors and users are responsible for
compliance with U.S. and local country laws. By using this product you
agree to comply with applicable laws and regulations. If you are unable
to comply with U.S. and local laws, return this product immediately.

A summary of U.S. laws governing Cisco cryptographic products may be found at:
http://www.cisco.com/wwl/export/crypto/tool/stqrg.html

If you require further assistance please contact us by sending email to
export@cisco.com.

License Level: 
License Type: Perpetual
Next reload license Level: 

Addon License Level: 
Addon License Type: Subscription
Next reload addon license Level: 

The current throughput level is 20000 kbps 


Smart Licensing Status: Smart Licensing Using Policy

cisco C8000V (VXE) processor (revision VXE) with 1979691K/3075K bytes of memory.
Processor board ID 9VNZGF5ZOKE
Router operating mode: Autonomous
3 Gigabit Ethernet interfaces
32768K bytes of non-volatile configuration memory.
3964728K bytes of physical memory.
5234688K bytes of virtual hard disk at bootflash:.

Configuration register is 0x2102

cat8000v#

2025-07-09 20:26:06,679: %UNICON-INFO: +++ cat8000v with via 'cli': executing command 'show interfaces' +++
show interfaces
GigabitEthernet1 is up, line protocol is up 
  Hardware is vNIC, address is 0050.56bf.280f (bia 0050.56bf.280f)
  Internet address is 10.10.20.148/24
  MTU 1500 bytes, BW 1000000 Kbit/sec, DLY 10 usec, 
     reliability 255/255, txload 1/255, rxload 1/255
  Encapsulation ARPA, loopback not set
  Keepalive set (10 sec)
  Full Duplex, 1000Mbps, link type is auto, media type is Virtual
  output flow-control is unsupported, input flow-control is unsupported
  ARP type: ARPA, ARP Timeout 04:00:00
  Last input 00:00:00, output 00:00:00, output hang never
  Last clearing of "show interface" counters never
  Input queue: 0/375/0/0 (size/max/drops/flushes); Total output drops: 0
  Queueing strategy: fifo
  Output queue: 0/40 (size/max)
  5 minute input rate 10000 bits/sec, 9 packets/sec
  5 minute output rate 15000 bits/sec, 10 packets/sec
     338078 packets input, 40922498 bytes, 0 no buffer
     Received 0 broadcasts (0 IP multicasts)
     0 runts, 0 giants, 0 throttles 
     0 input errors, 0 CRC, 0 frame, 0 overrun, 0 ignored
     0 watchdog, 0 multicast, 0 pause input
     452696 packets output, 219974800 bytes, 0 underruns
     Output 0 broadcasts (0 IP multicasts)
     0 output errors, 0 collisions, 0 interface resets
     0 unknown protocol drops
     0 babbles, 0 late collision, 0 deferred
     0 lost carrier, 0 no carrier, 0 pause output
     0 output buffer failures, 0 output buffers swapped out
GigabitEthernet2 is administratively down, line protocol is down 
  Hardware is vNIC, address is 0050.56bf.034d (bia 0050.56bf.034d)
  MTU 1500 bytes, BW 1000000 Kbit/sec, DLY 10 usec, 
     reliability 255/255, txload 1/255, rxload 1/255
  Encapsulation ARPA, loopback not set
  Keepalive set (10 sec)
  Full Duplex, 1000Mbps, link type is auto, media type is Virtual
  output flow-control is unsupported, input flow-control is unsupported
  ARP type: ARPA, ARP Timeout 04:00:00
  Last input never, output never, output hang never
  Last clearing of "show interface" counters never
  Input queue: 0/375/0/0 (size/max/drops/flushes); Total output drops: 0
  Queueing strategy: fifo
  Output queue: 0/40 (size/max)
  5 minute input rate 0 bits/sec, 0 packets/sec
  5 minute output rate 0 bits/sec, 0 packets/sec
     3 packets input, 180 bytes, 0 no buffer
     Received 0 broadcasts (0 IP multicasts)
     0 runts, 0 giants, 0 throttles 
     0 input errors, 0 CRC, 0 frame, 0 overrun, 0 ignored
     0 watchdog, 0 multicast, 0 pause input
     0 packets output, 0 bytes, 0 underruns
     Output 0 broadcasts (0 IP multicasts)
     0 output errors, 0 collisions, 0 interface resets
     0 unknown protocol drops
     0 babbles, 0 late collision, 0 deferred
     0 lost carrier, 0 no carrier, 0 pause output
     0 output buffer failures, 0 output buffers swapped out
GigabitEthernet3 is administratively down, line protocol is down 
  Hardware is vNIC, address is 0050.56bf.be29 (bia 0050.56bf.be29)
  MTU 1500 bytes, BW 1000000 Kbit/sec, DLY 10 usec, 
     reliability 255/255, txload 1/255, rxload 1/255
  Encapsulation ARPA, loopback not set
  Keepalive set (10 sec)
  Full Duplex, 1000Mbps, link type is auto, media type is Virtual
  output flow-control is unsupported, input flow-control is unsupported
  ARP type: ARPA, ARP Timeout 04:00:00
  Last input never, output never, output hang never
  Last clearing of "show interface" counters never
  Input queue: 0/375/0/0 (size/max/drops/flushes); Total output drops: 0
  Queueing strategy: fifo
  Output queue: 0/40 (size/max)
  5 minute input rate 0 bits/sec, 0 packets/sec
  5 minute output rate 0 bits/sec, 0 packets/sec
     0 packets input, 0 bytes, 0 no buffer
     Received 0 broadcasts (0 IP multicasts)
     0 runts, 0 giants, 0 throttles 
     0 input errors, 0 CRC, 0 frame, 0 overrun, 0 ignored
     0 watchdog, 0 multicast, 0 pause input
     0 packets output, 0 bytes, 0 underruns
     Output 0 broadcasts (0 IP multicasts)
     0 output errors, 0 collisions, 0 interface resets
     0 unknown protocol drops
     0 babbles, 0 late collision, 0 deferred
     0 lost carrier, 0 no carrier, 0 pause output
     0 output buffer failures, 0 output buffers swapped out
Loopback55 is up, line protocol is up 
  Hardware is Loopback
  Description: Added by Said Hersi b
  Internet address is 192.168.55.1/24
  MTU 1514 bytes, BW 8000000 Kbit/sec, DLY 5000 usec, 
     reliability 255/255, txload 1/255, rxload 1/255
  Encapsulation LOOPBACK, loopback not set
  Keepalive set (10 sec)
  Last input never, output never, output hang never
  Last clearing of "show interface" counters never
  Input queue: 0/75/0/0 (size/max/drops/flushes); Total output drops: 0
  Queueing strategy: fifo
  Output queue: 0/0 (size/max)
  5 minute input rate 0 bits/sec, 0 packets/sec
  5 minute output rate 0 bits/sec, 0 packets/sec
     0 packets input, 0 bytes, 0 no buffer
     Received 0 broadcasts (0 IP multicasts)
     0 runts, 0 giants, 0 throttles 
     0 input errors, 0 CRC, 0 frame, 0 overrun, 0 ignored, 0 abort
     0 packets output, 0 bytes, 0 underruns
     Output 0 broadcasts (0 IP multicasts)
     0 output errors, 0 collisions, 0 interface resets
     0 unknown protocol drops
     0 output buffer failures, 0 output buffers swapped out
Loopback56 is up, line protocol is up 
  Hardware is Loopback
  Description: test Devnet
  MTU 1514 bytes, BW 8000000 Kbit/sec, DLY 5000 usec, 
     reliability 255/255, txload 1/255, rxload 1/255
  Encapsulation LOOPBACK, loopback not set
  Keepalive set (10 sec)
  Last input never, output never, output hang never
  Last clearing of "show interface" counters never
  Input queue: 0/75/0/0 (size/max/drops/flushes); Total output drops: 0
  Queueing strategy: fifo
  Output queue: 0/0 (size/max)
  5 minute input rate 0 bits/sec, 0 packets/sec
  5 minute output rate 0 bits/sec, 0 packets/sec
     0 packets input, 0 bytes, 0 no buffer
     Received 0 broadcasts (0 IP multicasts)
     0 runts, 0 giants, 0 throttles 
     0 input errors, 0 CRC, 0 frame, 0 overrun, 0 ignored, 0 abort
     0 packets output, 0 bytes, 0 underruns
     Output 0 broadcasts (0 IP multicasts)
     0 output errors, 0 collisions, 0 interface resets
     0 unknown protocol drops
     0 output buffer failures, 0 output buffers swapped out
Loopback57 is up, line protocol is up 
  Hardware is Loopback
  Description: test Devnet
  MTU 1514 bytes, BW 8000000 Kbit/sec, DLY 5000 usec, 
     reliability 255/255, txload 1/255, rxload 1/255
  Encapsulation LOOPBACK, loopback not set
  Keepalive set (10 sec)
  Last input never, output never, output hang never
  Last clearing of "show interface" counters never
  Input queue: 0/75/0/0 (size/max/drops/flushes); Total output drops: 0
  Queueing strategy: fifo
  Output queue: 0/0 (size/max)
  5 minute input rate 0 bits/sec, 0 packets/sec
  5 minute output rate 0 bits/sec, 0 packets/sec
     0 packets input, 0 bytes, 0 no buffer
     Received 0 broadcasts (0 IP multicasts)
     0 runts, 0 giants, 0 throttles 
     0 input errors, 0 CRC, 0 frame, 0 overrun, 0 ignored, 0 abort
     0 packets output, 0 bytes, 0 underruns
     Output 0 broadcasts (0 IP multicasts)
     0 output errors, 0 collisions, 0 interface resets
     0 unknown protocol drops
     0 output buffer failures, 0 output buffers swapped out
Loopback100 is up, line protocol is up 
  Hardware is Loopback
  Description: Added by Said Hersi b
  Internet address is 192.168.100.1/24
  MTU 1514 bytes, BW 8000000 Kbit/sec, DLY 5000 usec, 
     reliability 255/255, txload 1/255, rxload 1/255
  Encapsulation LOOPBACK, loopback not set
  Keepalive set (10 sec)
  Last input 00:00:30, output 00:00:30, output hang never
  Last clearing of "show interface" counters never
  Input queue: 0/75/0/0 (size/max/drops/flushes); Total output drops: 0
  Queueing strategy: fifo
  Output queue: 0/0 (size/max)
  5 minute input rate 0 bits/sec, 0 packets/sec
  5 minute output rate 0 bits/sec, 0 packets/sec
     0 packets input, 0 bytes, 0 no buffer
     Received 0 broadcasts (0 IP multicasts)
     0 runts, 0 giants, 0 throttles 
     0 input errors, 0 CRC, 0 frame, 0 overrun, 0 ignored, 0 abort
     0 packets output, 0 bytes, 0 underruns
     Output 0 broadcasts (0 IP multicasts)
     0 output errors, 0 collisions, 0 interface resets
     0 unknown protocol drops
     0 output buffer failures, 0 output buffers swapped out
Loopback123 is up, line protocol is up 
  Hardware is Loopback
  Description: Configured by RESTCONF via Python
  Internet address is 192.0.22.1/24
  MTU 1514 bytes, BW 8000000 Kbit/sec, DLY 5000 usec, 
     reliability 255/255, txload 1/255, rxload 1/255
  Encapsulation LOOPBACK, loopback not set
  Keepalive set (10 sec)
  Last input never, output never, output hang never
  Last clearing of "show interface" counters never
  Input queue: 0/75/0/0 (size/max/drops/flushes); Total output drops: 0
  Queueing strategy: fifo
  Output queue: 0/0 (size/max)
  5 minute input rate 0 bits/sec, 0 packets/sec
  5 minute output rate 0 bits/sec, 0 packets/sec
     0 packets input, 0 bytes, 0 no buffer
     Received 0 broadcasts (0 IP multicasts)
     0 runts, 0 giants, 0 throttles 
     0 input errors, 0 CRC, 0 frame, 0 overrun, 0 ignored, 0 abort
     0 packets output, 0 bytes, 0 underruns
     Output 0 broadcasts (0 IP multicasts)
     0 output errors, 0 collisions, 0 interface resets
     0 unknown protocol drops
     0 output buffer failures, 0 output buffers swapped out
cat8000v#
